<?xml version="1.0" encoding="UTF-8"?>
<testsuite name="utility.ParkingLotTest" tests="3" skipped="0" failures="0" errors="0" timestamp="2021-03-25T12:42:41" hostname="DEEKSHAREDDY" time="0.189">
  <properties/>
  <testcase name="testIfDriverCanParkACar()" classname="utility.ParkingLotTest" time="0.074"/>
  <testcase name="testIsFalseIfCarIsAlreadyParked()" classname="utility.ParkingLotTest" time="0.023"/>
  <testcase name="testThrowsExceptionIfParkingLotIsFull()" classname="utility.ParkingLotTest" time="0.026"/>
  <system-out><![CDATA[]]></system-out>
  <system-err><![CDATA[]]></system-err>
</testsuite>
