<?xml version="1.0" encoding="UTF-8"?>
<testsuite name="utility.ParkingLotTest" tests="12" skipped="0" failures="0" errors="0" timestamp="2021-03-31T12:47:12" hostname="DEEKSHAREDDY" time="0.187">
  <properties/>
  <testcase name="testIfDriverCanParkACar()" classname="utility.ParkingLotTest" time="0.034"/>
  <testcase name="testThrowsExceptionIfCarIsAlreadyParked()" classname="utility.ParkingLotTest" time="0.013"/>
  <testcase name="testIfOwnerIsNotifiedWhenParkingLotIsFull()" classname="utility.ParkingLotTest" time="0.039"/>
  <testcase name="testIfCopIsNotifiedWhenParkingLotIsFull()" classname="utility.ParkingLotTest" time="0.015"/>
  <testcase name="testThrowsExceptionIfDriverParksWhenParkingLotIsFull()" classname="utility.ParkingLotTest" time="0.008"/>
  <testcase name="testThrowsExceptionIfDriverWantsToUnParkANotParkedCar()" classname="utility.ParkingLotTest" time="0.004"/>
  <testcase name="testIfCopIsNotNotifiedWhenCarThatIsUnParkedIsNotPresentInParkingLot()" classname="utility.ParkingLotTest" time="0.003"/>
  <testcase name="testIfOwnerIsNotNotifiedWhenCarThatIsUnParkedIsNotPresentInParkingLot()" classname="utility.ParkingLotTest" time="0.004"/>
  <testcase name="testIfDriverCanUnParkACar()" classname="utility.ParkingLotTest" time="0.014"/>
  <testcase name="testIfDriverCanParkACarAfterUnParking()" classname="utility.ParkingLotTest" time="0.003"/>
  <testcase name="testIfOwnerIsNotifiedWhenCarIsUnParkedAfterParkingLotBeingFull()" classname="utility.ParkingLotTest" time="0.002"/>
  <testcase name="testIfCopIsNotifiedWhenCarIsUnParkedAfterParkingLotBeingFull()" classname="utility.ParkingLotTest" time="0.002"/>
  <system-out><![CDATA[]]></system-out>
  <system-err><![CDATA[]]></system-err>
</testsuite>
